Build started 14/06/2013 13:08:11.
     1>Project "c:\work\ponggl\server\server.vcxproj" on node 3 (rebuild target(s)).
     1>_PrepareForClean:
         Deleting file "Debug\server.lastbuildstate".
       InitializeBuildStatus:
         Creating "Debug\server.unsuccessfulbuild" because "AlwaysCreate" was specified.
       ClCompile:
         c:\Program Files\Microsoft Visual Studio 10.0\VC\bin\CL.exe /c /ZI /nologo /W3 /WX- /Od /Oy- /D _MBCS /Gm /EHsc /RTC1 /MDd /GS /fp:precise /Zc:wchar_t /Zc:forScope /Fo"Debug\\" /Fd"Debug\vc100.pdb" /Gd /TP /analyze- /errorReport:prompt server.cpp
         server.cpp
       Link:
         c:\Program Files\Microsoft Visual Studio 10.0\VC\bin\link.exe /ERRORREPORT:PROMPT /OUT:"c:\work\ponggl\Debug\server.exe" /NOLOGO ws2_32.lib kernel32.lib user32.lib gdi32.lib winspool.lib comdlg32.lib advapi32.lib shell32.lib ole32.lib oleaut32.lib uuid.lib odbc32.lib odbccp32.lib /MANIFEST /ManifestFile:"Debug\server.exe.intermediate.manifest" /MANIFESTUAC:"level='asInvoker' uiAccess='false'" /DEBUG /PDB:"c:\work\ponggl\Debug\server.pdb" /TLBID:1 /DYNAMICBASE /NXCOMPAT /IMPLIB:"c:\work\ponggl\Debug\server.lib" /MACHINE:X86 Debug\server.obj
         server.vcxproj -> c:\work\ponggl\Debug\server.exe
       Manifest:
         C:\Program Files\Microsoft SDKs\Windows\v7.0A\bin\mt.exe /nologo /verbose /outputresource:"c:\work\ponggl\Debug\server.exe;#1" /manifest Debug\server.exe.intermediate.manifest
       FinalizeBuildStatus:
         Deleting file "Debug\server.unsuccessfulbuild".
         Touching "Debug\server.lastbuildstate".
     1>Done Building Project "c:\work\ponggl\server\server.vcxproj" (rebuild target(s)).

Build succeeded.

Time Elapsed 00:00:02.21
